2024-11-19 14:58:30|7|statement|connection 1|url jdbc:postgresql://localhost:9999/module_sql|select * from information_schema.sequences|select * from information_schema.sequences
2024-11-19 14:58:30|0|statement|connection 1|url jdbc:postgresql://localhost:9999/module_sql|select * from "public"."projet" where 1=0|select * from "public"."projet" where 1=0
2024-11-19 14:58:30|0|statement|connection 1|url jdbc:postgresql://localhost:9999/module_sql|select * from "public"."users" where 1=0|select * from "public"."users" where 1=0
2024-11-19 14:58:30|0|statement|connection 1|url jdbc:postgresql://localhost:9999/module_sql|select * from "public"."projet" where 1=0|select * from "public"."projet" where 1=0
2024-11-19 14:58:30|0|statement|connection 1|url jdbc:postgresql://localhost:9999/module_sql|select * from "public"."users" where 1=0|select * from "public"."users" where 1=0
2024-11-19 14:58:38|3|statement|connection 2|url jdbc:postgresql://localhost:9999/module_sql|select distinct u1_0.users_id,u1_0.email,u1_0.name,p1_0.users_id,p1_1.projet_id,p1_1.description,p1_1.name,t2_0.projet_id,t2_0.task_id,t2_0.status,t2_0.title,t2_0.users_id,t1_0.task_id,t1_0.projet_id,t1_0.status,t1_0.title from users u1_0 left join task t1_0 on u1_0.users_id=t1_0.users_id left join users_projet p1_0 on u1_0.users_id=p1_0.users_id left join projet p1_1 on p1_1.projet_id=p1_0.projet_id left join task t2_0 on p1_1.projet_id=t2_0.projet_id|select distinct u1_0.users_id,u1_0.email,u1_0.name,p1_0.users_id,p1_1.projet_id,p1_1.description,p1_1.name,t2_0.projet_id,t2_0.task_id,t2_0.status,t2_0.title,t2_0.users_id,t1_0.task_id,t1_0.projet_id,t1_0.status,t1_0.title from users u1_0 left join task t1_0 on u1_0.users_id=t1_0.users_id left join users_projet p1_0 on u1_0.users_id=p1_0.users_id left join projet p1_1 on p1_1.projet_id=p1_0.projet_id left join task t2_0 on p1_1.projet_id=t2_0.projet_id
2024-11-19 14:58:56|12|statement|connection 3|url jdbc:postgresql://localhost:9999/module_sql|select distinct u1_0.users_id,u1_0.email,u1_0.name,p1_0.users_id,p1_1.projet_id,p1_1.description,p1_1.name,t2_0.projet_id,t2_0.task_id,t2_0.status,t2_0.title,t2_0.users_id,t1_0.task_id,t1_0.projet_id,t1_0.status,t1_0.title from users u1_0 left join task t1_0 on u1_0.users_id=t1_0.users_id left join users_projet p1_0 on u1_0.users_id=p1_0.users_id left join projet p1_1 on p1_1.projet_id=p1_0.projet_id left join task t2_0 on p1_1.projet_id=t2_0.projet_id|select distinct u1_0.users_id,u1_0.email,u1_0.name,p1_0.users_id,p1_1.projet_id,p1_1.description,p1_1.name,t2_0.projet_id,t2_0.task_id,t2_0.status,t2_0.title,t2_0.users_id,t1_0.task_id,t1_0.projet_id,t1_0.status,t1_0.title from users u1_0 left join task t1_0 on u1_0.users_id=t1_0.users_id left join users_projet p1_0 on u1_0.users_id=p1_0.users_id left join projet p1_1 on p1_1.projet_id=p1_0.projet_id left join task t2_0 on p1_1.projet_id=t2_0.projet_id
2024-11-19 14:59:00|1|statement|connection 4|url jdbc:postgresql://localhost:9999/module_sql|select distinct u1_0.users_id,u1_0.email,u1_0.name,p1_0.users_id,p1_1.projet_id,p1_1.description,p1_1.name,t2_0.projet_id,t2_0.task_id,t2_0.status,t2_0.title,t2_0.users_id,t1_0.task_id,t1_0.projet_id,t1_0.status,t1_0.title from users u1_0 left join task t1_0 on u1_0.users_id=t1_0.users_id left join users_projet p1_0 on u1_0.users_id=p1_0.users_id left join projet p1_1 on p1_1.projet_id=p1_0.projet_id left join task t2_0 on p1_1.projet_id=t2_0.projet_id|select distinct u1_0.users_id,u1_0.email,u1_0.name,p1_0.users_id,p1_1.projet_id,p1_1.description,p1_1.name,t2_0.projet_id,t2_0.task_id,t2_0.status,t2_0.title,t2_0.users_id,t1_0.task_id,t1_0.projet_id,t1_0.status,t1_0.title from users u1_0 left join task t1_0 on u1_0.users_id=t1_0.users_id left join users_projet p1_0 on u1_0.users_id=p1_0.users_id left join projet p1_1 on p1_1.projet_id=p1_0.projet_id left join task t2_0 on p1_1.projet_id=t2_0.projet_id
2024-11-19 14:59:12|1|statement|connection 5|url jdbc:postgresql://localhost:9999/module_sql|select u1_0.users_id,u1_0.email,u1_0.name,p1_0.users_id,p1_1.projet_id,p1_1.description,p1_1.name,t2_0.projet_id,t2_0.task_id,t2_0.status,t2_0.title,t2_0.users_id,t1_0.task_id,t1_0.projet_id,t1_0.status,t1_0.title from users u1_0 left join task t1_0 on u1_0.users_id=t1_0.users_id left join users_projet p1_0 on u1_0.users_id=p1_0.users_id left join projet p1_1 on p1_1.projet_id=p1_0.projet_id left join task t2_0 on p1_1.projet_id=t2_0.projet_id where u1_0.users_id=?|select u1_0.users_id,u1_0.email,u1_0.name,p1_0.users_id,p1_1.projet_id,p1_1.description,p1_1.name,t2_0.projet_id,t2_0.task_id,t2_0.status,t2_0.title,t2_0.users_id,t1_0.task_id,t1_0.projet_id,t1_0.status,t1_0.title from users u1_0 left join task t1_0 on u1_0.users_id=t1_0.users_id left join users_projet p1_0 on u1_0.users_id=p1_0.users_id left join projet p1_1 on p1_1.projet_id=p1_0.projet_id left join task t2_0 on p1_1.projet_id=t2_0.projet_id where u1_0.users_id=1
2024-11-19 15:01:18|1|statement|connection 6|url jdbc:postgresql://localhost:9999/module_sql|select u1_0.users_id,u1_0.email,u1_0.name,p1_0.users_id,p1_1.projet_id,p1_1.description,p1_1.name,t2_0.projet_id,t2_0.task_id,t2_0.status,t2_0.title,t2_0.users_id,t1_0.task_id,t1_0.projet_id,t1_0.status,t1_0.title from users u1_0 left join task t1_0 on u1_0.users_id=t1_0.users_id left join users_projet p1_0 on u1_0.users_id=p1_0.users_id left join projet p1_1 on p1_1.projet_id=p1_0.projet_id left join task t2_0 on p1_1.projet_id=t2_0.projet_id where u1_0.users_id=?|select u1_0.users_id,u1_0.email,u1_0.name,p1_0.users_id,p1_1.projet_id,p1_1.description,p1_1.name,t2_0.projet_id,t2_0.task_id,t2_0.status,t2_0.title,t2_0.users_id,t1_0.task_id,t1_0.projet_id,t1_0.status,t1_0.title from users u1_0 left join task t1_0 on u1_0.users_id=t1_0.users_id left join users_projet p1_0 on u1_0.users_id=p1_0.users_id left join projet p1_1 on p1_1.projet_id=p1_0.projet_id left join task t2_0 on p1_1.projet_id=t2_0.projet_id where u1_0.users_id=1
2024-11-19 15:01:19|1|statement|connection 7|url jdbc:postgresql://localhost:9999/module_sql|select u1_0.users_id,u1_0.email,u1_0.name,p1_0.users_id,p1_1.projet_id,p1_1.description,p1_1.name,t2_0.projet_id,t2_0.task_id,t2_0.status,t2_0.title,t2_0.users_id,t1_0.task_id,t1_0.projet_id,t1_0.status,t1_0.title from users u1_0 left join task t1_0 on u1_0.users_id=t1_0.users_id left join users_projet p1_0 on u1_0.users_id=p1_0.users_id left join projet p1_1 on p1_1.projet_id=p1_0.projet_id left join task t2_0 on p1_1.projet_id=t2_0.projet_id where u1_0.users_id=?|select u1_0.users_id,u1_0.email,u1_0.name,p1_0.users_id,p1_1.projet_id,p1_1.description,p1_1.name,t2_0.projet_id,t2_0.task_id,t2_0.status,t2_0.title,t2_0.users_id,t1_0.task_id,t1_0.projet_id,t1_0.status,t1_0.title from users u1_0 left join task t1_0 on u1_0.users_id=t1_0.users_id left join users_projet p1_0 on u1_0.users_id=p1_0.users_id left join projet p1_1 on p1_1.projet_id=p1_0.projet_id left join task t2_0 on p1_1.projet_id=t2_0.projet_id where u1_0.users_id=1
2024-11-19 15:01:22|1|statement|connection 8|url jdbc:postgresql://localhost:9999/module_sql|select distinct u1_0.users_id,u1_0.email,u1_0.name,p1_0.users_id,p1_1.projet_id,p1_1.description,p1_1.name,t2_0.projet_id,t2_0.task_id,t2_0.status,t2_0.title,t2_0.users_id,t1_0.task_id,t1_0.projet_id,t1_0.status,t1_0.title from users u1_0 left join task t1_0 on u1_0.users_id=t1_0.users_id left join users_projet p1_0 on u1_0.users_id=p1_0.users_id left join projet p1_1 on p1_1.projet_id=p1_0.projet_id left join task t2_0 on p1_1.projet_id=t2_0.projet_id|select distinct u1_0.users_id,u1_0.email,u1_0.name,p1_0.users_id,p1_1.projet_id,p1_1.description,p1_1.name,t2_0.projet_id,t2_0.task_id,t2_0.status,t2_0.title,t2_0.users_id,t1_0.task_id,t1_0.projet_id,t1_0.status,t1_0.title from users u1_0 left join task t1_0 on u1_0.users_id=t1_0.users_id left join users_projet p1_0 on u1_0.users_id=p1_0.users_id left join projet p1_1 on p1_1.projet_id=p1_0.projet_id left join task t2_0 on p1_1.projet_id=t2_0.projet_id
2024-11-19 15:01:37|11|statement|connection 1|url jdbc:postgresql://localhost:9999/module_sql|select * from information_schema.sequences|select * from information_schema.sequences
2024-11-19 15:01:37|1|statement|connection 1|url jdbc:postgresql://localhost:9999/module_sql|select * from "public"."projet" where 1=0|select * from "public"."projet" where 1=0
2024-11-19 15:01:37|1|statement|connection 1|url jdbc:postgresql://localhost:9999/module_sql|select * from "public"."users" where 1=0|select * from "public"."users" where 1=0
2024-11-19 15:01:37|0|statement|connection 1|url jdbc:postgresql://localhost:9999/module_sql|select * from "public"."projet" where 1=0|select * from "public"."projet" where 1=0
2024-11-19 15:01:37|0|statement|connection 1|url jdbc:postgresql://localhost:9999/module_sql|select * from "public"."users" where 1=0|select * from "public"."users" where 1=0
2024-11-19 15:01:55|8|statement|connection 1|url jdbc:postgresql://localhost:9999/module_sql|select * from information_schema.sequences|select * from information_schema.sequences
2024-11-19 15:01:55|0|statement|connection 1|url jdbc:postgresql://localhost:9999/module_sql|select * from "public"."projet" where 1=0|select * from "public"."projet" where 1=0
2024-11-19 15:01:55|0|statement|connection 1|url jdbc:postgresql://localhost:9999/module_sql|select * from "public"."users" where 1=0|select * from "public"."users" where 1=0
2024-11-19 15:01:55|0|statement|connection 1|url jdbc:postgresql://localhost:9999/module_sql|select * from "public"."projet" where 1=0|select * from "public"."projet" where 1=0
2024-11-19 15:01:55|0|statement|connection 1|url jdbc:postgresql://localhost:9999/module_sql|select * from "public"."users" where 1=0|select * from "public"."users" where 1=0
2024-11-19 15:01:58|2|statement|connection 2|url jdbc:postgresql://localhost:9999/module_sql|select distinct u1_0.users_id,u1_0.email,u1_0.name,p1_0.users_id,p1_1.projet_id,p1_1.description,p1_1.name,t2_0.projet_id,t2_0.task_id,t2_0.status,t2_0.title,t2_0.users_id,t1_0.task_id,t1_0.projet_id,t1_0.status,t1_0.title from users u1_0 left join task t1_0 on u1_0.users_id=t1_0.users_id left join users_projet p1_0 on u1_0.users_id=p1_0.users_id left join projet p1_1 on p1_1.projet_id=p1_0.projet_id left join task t2_0 on p1_1.projet_id=t2_0.projet_id|select distinct u1_0.users_id,u1_0.email,u1_0.name,p1_0.users_id,p1_1.projet_id,p1_1.description,p1_1.name,t2_0.projet_id,t2_0.task_id,t2_0.status,t2_0.title,t2_0.users_id,t1_0.task_id,t1_0.projet_id,t1_0.status,t1_0.title from users u1_0 left join task t1_0 on u1_0.users_id=t1_0.users_id left join users_projet p1_0 on u1_0.users_id=p1_0.users_id left join projet p1_1 on p1_1.projet_id=p1_0.projet_id left join task t2_0 on p1_1.projet_id=t2_0.projet_id
2024-11-19 15:06:20|6|statement|connection 1|url jdbc:postgresql://localhost:9999/module_sql|select * from information_schema.sequences|select * from information_schema.sequences
2024-11-19 15:06:20|0|statement|connection 1|url jdbc:postgresql://localhost:9999/module_sql|select * from "public"."projet" where 1=0|select * from "public"."projet" where 1=0
2024-11-19 15:06:20|0|statement|connection 1|url jdbc:postgresql://localhost:9999/module_sql|select * from "public"."users" where 1=0|select * from "public"."users" where 1=0
2024-11-19 15:06:20|0|statement|connection 1|url jdbc:postgresql://localhost:9999/module_sql|select * from "public"."projet" where 1=0|select * from "public"."projet" where 1=0
2024-11-19 15:06:20|0|statement|connection 1|url jdbc:postgresql://localhost:9999/module_sql|select * from "public"."users" where 1=0|select * from "public"."users" where 1=0
2024-11-19 15:07:17|20|statement|connection 1|url jdbc:postgresql://localhost:9999/module_sql|select * from information_schema.sequences|select * from information_schema.sequences
2024-11-19 15:07:17|0|statement|connection 1|url jdbc:postgresql://localhost:9999/module_sql|select * from "public"."projet" where 1=0|select * from "public"."projet" where 1=0
2024-11-19 15:07:17|0|statement|connection 1|url jdbc:postgresql://localhost:9999/module_sql|select * from "public"."users" where 1=0|select * from "public"."users" where 1=0
2024-11-19 15:07:17|0|statement|connection 1|url jdbc:postgresql://localhost:9999/module_sql|select * from "public"."projet" where 1=0|select * from "public"."projet" where 1=0
2024-11-19 15:07:17|0|statement|connection 1|url jdbc:postgresql://localhost:9999/module_sql|select * from "public"."users" where 1=0|select * from "public"."users" where 1=0
2024-11-19 15:08:54|5|statement|connection 1|url jdbc:postgresql://localhost:9999/module_sql|select * from information_schema.sequences|select * from information_schema.sequences
2024-11-19 15:08:54|0|statement|connection 1|url jdbc:postgresql://localhost:9999/module_sql|select * from "public"."projet" where 1=0|select * from "public"."projet" where 1=0
2024-11-19 15:08:54|0|statement|connection 1|url jdbc:postgresql://localhost:9999/module_sql|select * from "public"."users" where 1=0|select * from "public"."users" where 1=0
2024-11-19 15:08:54|0|statement|connection 1|url jdbc:postgresql://localhost:9999/module_sql|select * from "public"."projet" where 1=0|select * from "public"."projet" where 1=0
2024-11-19 15:08:54|0|statement|connection 1|url jdbc:postgresql://localhost:9999/module_sql|select * from "public"."users" where 1=0|select * from "public"."users" where 1=0
2024-11-19 15:09:19|7|statement|connection 1|url jdbc:postgresql://localhost:9999/module_sql|select * from information_schema.sequences|select * from information_schema.sequences
2024-11-19 15:09:19|0|statement|connection 1|url jdbc:postgresql://localhost:9999/module_sql|select * from "public"."projet" where 1=0|select * from "public"."projet" where 1=0
2024-11-19 15:09:19|0|statement|connection 1|url jdbc:postgresql://localhost:9999/module_sql|select * from "public"."users" where 1=0|select * from "public"."users" where 1=0
2024-11-19 15:09:19|0|statement|connection 1|url jdbc:postgresql://localhost:9999/module_sql|select * from "public"."projet" where 1=0|select * from "public"."projet" where 1=0
2024-11-19 15:09:19|0|statement|connection 1|url jdbc:postgresql://localhost:9999/module_sql|select * from "public"."users" where 1=0|select * from "public"."users" where 1=0
2024-11-19 15:09:33|5|statement|connection 1|url jdbc:postgresql://localhost:9999/module_sql|select * from information_schema.sequences|select * from information_schema.sequences
2024-11-19 15:09:33|0|statement|connection 1|url jdbc:postgresql://localhost:9999/module_sql|select * from "public"."projet" where 1=0|select * from "public"."projet" where 1=0
2024-11-19 15:09:33|0|statement|connection 1|url jdbc:postgresql://localhost:9999/module_sql|select * from "public"."users" where 1=0|select * from "public"."users" where 1=0
2024-11-19 15:09:33|0|statement|connection 1|url jdbc:postgresql://localhost:9999/module_sql|select * from "public"."projet" where 1=0|select * from "public"."projet" where 1=0
2024-11-19 15:09:33|0|statement|connection 1|url jdbc:postgresql://localhost:9999/module_sql|select * from "public"."users" where 1=0|select * from "public"."users" where 1=0
2024-11-19 15:10:48|8|statement|connection 1|url jdbc:postgresql://localhost:9999/module_sql|select * from information_schema.sequences|select * from information_schema.sequences
2024-11-19 15:10:48|0|statement|connection 1|url jdbc:postgresql://localhost:9999/module_sql|select * from "public"."projet" where 1=0|select * from "public"."projet" where 1=0
2024-11-19 15:10:48|0|statement|connection 1|url jdbc:postgresql://localhost:9999/module_sql|select * from "public"."users" where 1=0|select * from "public"."users" where 1=0
2024-11-19 15:10:48|0|statement|connection 1|url jdbc:postgresql://localhost:9999/module_sql|select * from "public"."projet" where 1=0|select * from "public"."projet" where 1=0
2024-11-19 15:10:48|0|statement|connection 1|url jdbc:postgresql://localhost:9999/module_sql|select * from "public"."users" where 1=0|select * from "public"."users" where 1=0
2024-11-19 15:11:00|6|statement|connection 1|url jdbc:postgresql://localhost:9999/module_sql|select * from information_schema.sequences|select * from information_schema.sequences
2024-11-19 15:11:00|0|statement|connection 1|url jdbc:postgresql://localhost:9999/module_sql|select * from "public"."projet" where 1=0|select * from "public"."projet" where 1=0
2024-11-19 15:11:00|0|statement|connection 1|url jdbc:postgresql://localhost:9999/module_sql|select * from "public"."users" where 1=0|select * from "public"."users" where 1=0
2024-11-19 15:11:00|0|statement|connection 1|url jdbc:postgresql://localhost:9999/module_sql|select * from "public"."projet" where 1=0|select * from "public"."projet" where 1=0
2024-11-19 15:11:00|0|statement|connection 1|url jdbc:postgresql://localhost:9999/module_sql|select * from "public"."users" where 1=0|select * from "public"."users" where 1=0
2024-11-19 15:11:11|5|statement|connection 1|url jdbc:postgresql://localhost:9999/module_sql|select * from information_schema.sequences|select * from information_schema.sequences
2024-11-19 15:11:11|0|statement|connection 1|url jdbc:postgresql://localhost:9999/module_sql|select * from "public"."projet" where 1=0|select * from "public"."projet" where 1=0
2024-11-19 15:11:11|0|statement|connection 1|url jdbc:postgresql://localhost:9999/module_sql|select * from "public"."users" where 1=0|select * from "public"."users" where 1=0
2024-11-19 15:11:11|0|statement|connection 1|url jdbc:postgresql://localhost:9999/module_sql|select * from "public"."projet" where 1=0|select * from "public"."projet" where 1=0
2024-11-19 15:11:11|0|statement|connection 1|url jdbc:postgresql://localhost:9999/module_sql|select * from "public"."users" where 1=0|select * from "public"."users" where 1=0
2024-11-19 15:11:44|18|statement|connection 1|url jdbc:postgresql://localhost:9999/module_sql|select * from information_schema.sequences|select * from information_schema.sequences
2024-11-19 15:11:44|0|statement|connection 1|url jdbc:postgresql://localhost:9999/module_sql|select * from "public"."projet" where 1=0|select * from "public"."projet" where 1=0
2024-11-19 15:11:44|0|statement|connection 1|url jdbc:postgresql://localhost:9999/module_sql|select * from "public"."users" where 1=0|select * from "public"."users" where 1=0
2024-11-19 15:11:44|0|statement|connection 1|url jdbc:postgresql://localhost:9999/module_sql|select * from "public"."projet" where 1=0|select * from "public"."projet" where 1=0
2024-11-19 15:11:44|0|statement|connection 1|url jdbc:postgresql://localhost:9999/module_sql|select * from "public"."users" where 1=0|select * from "public"."users" where 1=0
2024-11-19 15:14:59|3|statement|connection 1|url jdbc:postgresql://localhost:9999/module_sql|select * from information_schema.sequences|select * from information_schema.sequences
2024-11-19 15:14:59|0|statement|connection 1|url jdbc:postgresql://localhost:9999/module_sql|select * from "public"."projet" where 1=0|select * from "public"."projet" where 1=0
2024-11-19 15:14:59|0|statement|connection 1|url jdbc:postgresql://localhost:9999/module_sql|select * from "public"."users" where 1=0|select * from "public"."users" where 1=0
2024-11-19 15:14:59|0|statement|connection 1|url jdbc:postgresql://localhost:9999/module_sql|select * from "public"."projet" where 1=0|select * from "public"."projet" where 1=0
2024-11-19 15:14:59|0|statement|connection 1|url jdbc:postgresql://localhost:9999/module_sql|select * from "public"."users" where 1=0|select * from "public"."users" where 1=0
2024-11-19 15:22:05|24|statement|connection 1|url jdbc:postgresql://localhost:9999/module_sql|select * from information_schema.sequences|select * from information_schema.sequences
2024-11-19 15:22:05|0|statement|connection 1|url jdbc:postgresql://localhost:9999/module_sql|select * from "public"."projet" where 1=0|select * from "public"."projet" where 1=0
2024-11-19 15:22:05|1|statement|connection 1|url jdbc:postgresql://localhost:9999/module_sql|select * from "public"."users" where 1=0|select * from "public"."users" where 1=0
2024-11-19 15:22:05|0|statement|connection 1|url jdbc:postgresql://localhost:9999/module_sql|select * from "public"."projet" where 1=0|select * from "public"."projet" where 1=0
2024-11-19 15:22:05|0|statement|connection 1|url jdbc:postgresql://localhost:9999/module_sql|select * from "public"."users" where 1=0|select * from "public"."users" where 1=0
2024-11-19 15:23:37|9|statement|connection 1|url jdbc:postgresql://localhost:9999/module_sql|select * from information_schema.sequences|select * from information_schema.sequences
2024-11-19 15:23:37|0|statement|connection 1|url jdbc:postgresql://localhost:9999/module_sql|select * from "public"."projet" where 1=0|select * from "public"."projet" where 1=0
2024-11-19 15:23:37|0|statement|connection 1|url jdbc:postgresql://localhost:9999/module_sql|select * from "public"."users" where 1=0|select * from "public"."users" where 1=0
2024-11-19 15:23:37|0|statement|connection 1|url jdbc:postgresql://localhost:9999/module_sql|select * from "public"."projet" where 1=0|select * from "public"."projet" where 1=0
2024-11-19 15:23:37|0|statement|connection 1|url jdbc:postgresql://localhost:9999/module_sql|select * from "public"."users" where 1=0|select * from "public"."users" where 1=0
2024-11-19 15:24:21|5|statement|connection 1|url jdbc:postgresql://localhost:9999/module_sql|select * from information_schema.sequences|select * from information_schema.sequences
2024-11-19 15:24:21|0|statement|connection 1|url jdbc:postgresql://localhost:9999/module_sql|select * from "public"."projet" where 1=0|select * from "public"."projet" where 1=0
2024-11-19 15:24:21|0|statement|connection 1|url jdbc:postgresql://localhost:9999/module_sql|select * from "public"."users" where 1=0|select * from "public"."users" where 1=0
2024-11-19 15:24:21|0|statement|connection 1|url jdbc:postgresql://localhost:9999/module_sql|select * from "public"."projet" where 1=0|select * from "public"."projet" where 1=0
2024-11-19 15:24:21|0|statement|connection 1|url jdbc:postgresql://localhost:9999/module_sql|select * from "public"."users" where 1=0|select * from "public"."users" where 1=0
2024-11-19 15:24:44|5|statement|connection 1|url jdbc:postgresql://localhost:9999/module_sql|select * from information_schema.sequences|select * from information_schema.sequences
2024-11-19 15:24:44|0|statement|connection 1|url jdbc:postgresql://localhost:9999/module_sql|select * from "public"."projet" where 1=0|select * from "public"."projet" where 1=0
2024-11-19 15:24:44|0|statement|connection 1|url jdbc:postgresql://localhost:9999/module_sql|select * from "public"."users" where 1=0|select * from "public"."users" where 1=0
2024-11-19 15:24:44|0|statement|connection 1|url jdbc:postgresql://localhost:9999/module_sql|select * from "public"."projet" where 1=0|select * from "public"."projet" where 1=0
2024-11-19 15:24:44|0|statement|connection 1|url jdbc:postgresql://localhost:9999/module_sql|select * from "public"."users" where 1=0|select * from "public"."users" where 1=0
2024-11-19 15:24:50|5|statement|connection 2|url jdbc:postgresql://localhost:9999/module_sql|select distinct u1_0.users_id,u1_0.email,u1_0.name,p1_0.users_id,p1_1.projet_id,p1_1.description,p1_1.name,t2_0.projet_id,t2_0.task_id,t2_0.status,t2_0.title,t2_0.users_id,t1_0.task_id,t1_0.projet_id,t1_0.status,t1_0.title from users u1_0 left join task t1_0 on u1_0.users_id=t1_0.users_id left join users_projet p1_0 on u1_0.users_id=p1_0.users_id left join projet p1_1 on p1_1.projet_id=p1_0.projet_id left join task t2_0 on p1_1.projet_id=t2_0.projet_id|select distinct u1_0.users_id,u1_0.email,u1_0.name,p1_0.users_id,p1_1.projet_id,p1_1.description,p1_1.name,t2_0.projet_id,t2_0.task_id,t2_0.status,t2_0.title,t2_0.users_id,t1_0.task_id,t1_0.projet_id,t1_0.status,t1_0.title from users u1_0 left join task t1_0 on u1_0.users_id=t1_0.users_id left join users_projet p1_0 on u1_0.users_id=p1_0.users_id left join projet p1_1 on p1_1.projet_id=p1_0.projet_id left join task t2_0 on p1_1.projet_id=t2_0.projet_id
2024-11-19 15:26:18|8|statement|connection 1|url jdbc:postgresql://localhost:9999/module_sql|select * from information_schema.sequences|select * from information_schema.sequences
2024-11-19 15:26:18|0|statement|connection 1|url jdbc:postgresql://localhost:9999/module_sql|select * from "public"."projet" where 1=0|select * from "public"."projet" where 1=0
2024-11-19 15:26:18|0|statement|connection 1|url jdbc:postgresql://localhost:9999/module_sql|select * from "public"."users" where 1=0|select * from "public"."users" where 1=0
2024-11-19 15:26:18|0|statement|connection 1|url jdbc:postgresql://localhost:9999/module_sql|select * from "public"."projet" where 1=0|select * from "public"."projet" where 1=0
2024-11-19 15:26:18|0|statement|connection 1|url jdbc:postgresql://localhost:9999/module_sql|select * from "public"."users" where 1=0|select * from "public"."users" where 1=0
2024-11-19 15:26:22|4|statement|connection 2|url jdbc:postgresql://localhost:9999/module_sql|select distinct u1_0.users_id,u1_0.email,u1_0.name,p1_0.users_id,p1_1.projet_id,p1_1.description,p1_1.name,t2_0.projet_id,t2_0.task_id,t2_0.status,t2_0.title,t2_0.users_id,t1_0.task_id,t1_0.projet_id,t1_0.status,t1_0.title from users u1_0 left join task t1_0 on u1_0.users_id=t1_0.users_id left join users_projet p1_0 on u1_0.users_id=p1_0.users_id left join projet p1_1 on p1_1.projet_id=p1_0.projet_id left join task t2_0 on p1_1.projet_id=t2_0.projet_id|select distinct u1_0.users_id,u1_0.email,u1_0.name,p1_0.users_id,p1_1.projet_id,p1_1.description,p1_1.name,t2_0.projet_id,t2_0.task_id,t2_0.status,t2_0.title,t2_0.users_id,t1_0.task_id,t1_0.projet_id,t1_0.status,t1_0.title from users u1_0 left join task t1_0 on u1_0.users_id=t1_0.users_id left join users_projet p1_0 on u1_0.users_id=p1_0.users_id left join projet p1_1 on p1_1.projet_id=p1_0.projet_id left join task t2_0 on p1_1.projet_id=t2_0.projet_id
2024-11-19 15:26:33|0|statement|connection 3|url jdbc:postgresql://localhost:9999/module_sql|select u1_0.name,u1_0.email,t1_0.title,t1_0.status,p1_1.name,p1_1.description from users u1_0 left join task t1_0 on u1_0.users_id=t1_0.users_id left join users_projet p1_0 on u1_0.users_id=p1_0.users_id left join projet p1_1 on p1_1.projet_id=p1_0.projet_id left join task t2_0 on p1_1.projet_id=t2_0.projet_id where u1_0.users_id=?|select u1_0.name,u1_0.email,t1_0.title,t1_0.status,p1_1.name,p1_1.description from users u1_0 left join task t1_0 on u1_0.users_id=t1_0.users_id left join users_projet p1_0 on u1_0.users_id=p1_0.users_id left join projet p1_1 on p1_1.projet_id=p1_0.projet_id left join task t2_0 on p1_1.projet_id=t2_0.projet_id where u1_0.users_id=1
2024-11-19 15:26:58|7|statement|connection 1|url jdbc:postgresql://localhost:9999/module_sql|select * from information_schema.sequences|select * from information_schema.sequences
2024-11-19 15:26:58|0|statement|connection 1|url jdbc:postgresql://localhost:9999/module_sql|select * from "public"."projet" where 1=0|select * from "public"."projet" where 1=0
2024-11-19 15:26:58|0|statement|connection 1|url jdbc:postgresql://localhost:9999/module_sql|select * from "public"."users" where 1=0|select * from "public"."users" where 1=0
2024-11-19 15:26:58|0|statement|connection 1|url jdbc:postgresql://localhost:9999/module_sql|select * from "public"."projet" where 1=0|select * from "public"."projet" where 1=0
2024-11-19 15:26:58|0|statement|connection 1|url jdbc:postgresql://localhost:9999/module_sql|select * from "public"."users" where 1=0|select * from "public"."users" where 1=0
2024-11-19 15:27:03|9|statement|connection 2|url jdbc:postgresql://localhost:9999/module_sql|select u1_0.users_id,u1_0.name,u1_0.email,t1_0.title,t1_0.status,p1_1.name,p1_1.description from users u1_0 left join task t1_0 on u1_0.users_id=t1_0.users_id left join users_projet p1_0 on u1_0.users_id=p1_0.users_id left join projet p1_1 on p1_1.projet_id=p1_0.projet_id left join task t2_0 on p1_1.projet_id=t2_0.projet_id where u1_0.users_id=?|select u1_0.users_id,u1_0.name,u1_0.email,t1_0.title,t1_0.status,p1_1.name,p1_1.description from users u1_0 left join task t1_0 on u1_0.users_id=t1_0.users_id left join users_projet p1_0 on u1_0.users_id=p1_0.users_id left join projet p1_1 on p1_1.projet_id=p1_0.projet_id left join task t2_0 on p1_1.projet_id=t2_0.projet_id where u1_0.users_id=1
2024-11-19 15:27:56|1|statement|connection 3|url jdbc:postgresql://localhost:9999/module_sql|select u1_0.users_id,u1_0.name,u1_0.email,t1_0.title,t1_0.status,p1_1.name,p1_1.description from users u1_0 left join task t1_0 on u1_0.users_id=t1_0.users_id left join users_projet p1_0 on u1_0.users_id=p1_0.users_id left join projet p1_1 on p1_1.projet_id=p1_0.projet_id left join task t2_0 on p1_1.projet_id=t2_0.projet_id where u1_0.users_id=?|select u1_0.users_id,u1_0.name,u1_0.email,t1_0.title,t1_0.status,p1_1.name,p1_1.description from users u1_0 left join task t1_0 on u1_0.users_id=t1_0.users_id left join users_projet p1_0 on u1_0.users_id=p1_0.users_id left join projet p1_1 on p1_1.projet_id=p1_0.projet_id left join task t2_0 on p1_1.projet_id=t2_0.projet_id where u1_0.users_id=1
2024-11-19 15:29:46|1|statement|connection 4|url jdbc:postgresql://localhost:9999/module_sql|select u1_0.users_id,u1_0.name,u1_0.email,t1_0.title,t1_0.status,p1_1.name,p1_1.description from users u1_0 left join task t1_0 on u1_0.users_id=t1_0.users_id left join users_projet p1_0 on u1_0.users_id=p1_0.users_id left join projet p1_1 on p1_1.projet_id=p1_0.projet_id left join task t2_0 on p1_1.projet_id=t2_0.projet_id where u1_0.users_id=?|select u1_0.users_id,u1_0.name,u1_0.email,t1_0.title,t1_0.status,p1_1.name,p1_1.description from users u1_0 left join task t1_0 on u1_0.users_id=t1_0.users_id left join users_projet p1_0 on u1_0.users_id=p1_0.users_id left join projet p1_1 on p1_1.projet_id=p1_0.projet_id left join task t2_0 on p1_1.projet_id=t2_0.projet_id where u1_0.users_id=1
2024-11-19 15:29:47|0|statement|connection 5|url jdbc:postgresql://localhost:9999/module_sql|select u1_0.users_id,u1_0.name,u1_0.email,t1_0.title,t1_0.status,p1_1.name,p1_1.description from users u1_0 left join task t1_0 on u1_0.users_id=t1_0.users_id left join users_projet p1_0 on u1_0.users_id=p1_0.users_id left join projet p1_1 on p1_1.projet_id=p1_0.projet_id left join task t2_0 on p1_1.projet_id=t2_0.projet_id where u1_0.users_id=?|select u1_0.users_id,u1_0.name,u1_0.email,t1_0.title,t1_0.status,p1_1.name,p1_1.description from users u1_0 left join task t1_0 on u1_0.users_id=t1_0.users_id left join users_projet p1_0 on u1_0.users_id=p1_0.users_id left join projet p1_1 on p1_1.projet_id=p1_0.projet_id left join task t2_0 on p1_1.projet_id=t2_0.projet_id where u1_0.users_id=1
2024-11-19 15:29:53|5|statement|connection 1|url jdbc:postgresql://localhost:9999/module_sql|select * from information_schema.sequences|select * from information_schema.sequences
2024-11-19 15:29:53|0|statement|connection 1|url jdbc:postgresql://localhost:9999/module_sql|select * from "public"."projet" where 1=0|select * from "public"."projet" where 1=0
2024-11-19 15:29:53|1|statement|connection 1|url jdbc:postgresql://localhost:9999/module_sql|select * from "public"."users" where 1=0|select * from "public"."users" where 1=0
2024-11-19 15:29:53|0|statement|connection 1|url jdbc:postgresql://localhost:9999/module_sql|select * from "public"."projet" where 1=0|select * from "public"."projet" where 1=0
2024-11-19 15:29:53|0|statement|connection 1|url jdbc:postgresql://localhost:9999/module_sql|select * from "public"."users" where 1=0|select * from "public"."users" where 1=0
2024-11-19 15:29:56|3|statement|connection 2|url jdbc:postgresql://localhost:9999/module_sql|select u1_0.users_id,u1_0.email,u1_0.name,p1_0.users_id,p1_1.projet_id,p1_1.description,p1_1.name,t2_0.projet_id,t2_0.task_id,t2_0.status,t2_0.title,t2_0.users_id,t1_0.task_id,t1_0.projet_id,t1_0.status,t1_0.title from users u1_0 left join task t1_0 on u1_0.users_id=t1_0.users_id left join users_projet p1_0 on u1_0.users_id=p1_0.users_id left join projet p1_1 on p1_1.projet_id=p1_0.projet_id left join task t2_0 on p1_1.projet_id=t2_0.projet_id where u1_0.users_id=?|select u1_0.users_id,u1_0.email,u1_0.name,p1_0.users_id,p1_1.projet_id,p1_1.description,p1_1.name,t2_0.projet_id,t2_0.task_id,t2_0.status,t2_0.title,t2_0.users_id,t1_0.task_id,t1_0.projet_id,t1_0.status,t1_0.title from users u1_0 left join task t1_0 on u1_0.users_id=t1_0.users_id left join users_projet p1_0 on u1_0.users_id=p1_0.users_id left join projet p1_1 on p1_1.projet_id=p1_0.projet_id left join task t2_0 on p1_1.projet_id=t2_0.projet_id where u1_0.users_id=1
2024-11-19 15:43:54|9|statement|connection 1|url jdbc:postgresql://localhost:9999/module_sql|select * from information_schema.sequences|select * from information_schema.sequences
2024-11-19 15:43:54|0|statement|connection 1|url jdbc:postgresql://localhost:9999/module_sql|select * from "public"."projet" where 1=0|select * from "public"."projet" where 1=0
2024-11-19 15:43:54|0|statement|connection 1|url jdbc:postgresql://localhost:9999/module_sql|select * from "public"."users" where 1=0|select * from "public"."users" where 1=0
2024-11-19 15:43:54|0|statement|connection 1|url jdbc:postgresql://localhost:9999/module_sql|select * from "public"."projet" where 1=0|select * from "public"."projet" where 1=0
2024-11-19 15:43:54|0|statement|connection 1|url jdbc:postgresql://localhost:9999/module_sql|select * from "public"."users" where 1=0|select * from "public"."users" where 1=0
2024-11-19 15:44:54|5|statement|connection 1|url jdbc:postgresql://localhost:9999/module_sql|select * from information_schema.sequences|select * from information_schema.sequences
2024-11-19 15:44:54|0|statement|connection 1|url jdbc:postgresql://localhost:9999/module_sql|select * from "public"."projet" where 1=0|select * from "public"."projet" where 1=0
2024-11-19 15:44:54|0|statement|connection 1|url jdbc:postgresql://localhost:9999/module_sql|select * from "public"."users" where 1=0|select * from "public"."users" where 1=0
2024-11-19 15:44:54|0|statement|connection 1|url jdbc:postgresql://localhost:9999/module_sql|select * from "public"."projet" where 1=0|select * from "public"."projet" where 1=0
2024-11-19 15:44:54|0|statement|connection 1|url jdbc:postgresql://localhost:9999/module_sql|select * from "public"."users" where 1=0|select * from "public"."users" where 1=0
2024-11-19 15:45:54|7|statement|connection 1|url jdbc:postgresql://localhost:9999/module_sql|select * from information_schema.sequences|select * from information_schema.sequences
2024-11-19 15:45:54|0|statement|connection 1|url jdbc:postgresql://localhost:9999/module_sql|select * from "public"."projet" where 1=0|select * from "public"."projet" where 1=0
2024-11-19 15:45:54|0|statement|connection 1|url jdbc:postgresql://localhost:9999/module_sql|select * from "public"."users" where 1=0|select * from "public"."users" where 1=0
2024-11-19 15:45:54|0|statement|connection 1|url jdbc:postgresql://localhost:9999/module_sql|select * from "public"."projet" where 1=0|select * from "public"."projet" where 1=0
2024-11-19 15:45:54|0|statement|connection 1|url jdbc:postgresql://localhost:9999/module_sql|select * from "public"."users" where 1=0|select * from "public"."users" where 1=0
2024-11-19 15:45:59|3|statement|connection 2|url jdbc:postgresql://localhost:9999/module_sql|select u1_0.users_id,u1_0.email,u1_0.name,p1_0.users_id,p1_1.projet_id,p1_1.description,p1_1.name,t2_0.projet_id,t2_0.task_id,t2_0.status,t2_0.title,t2_0.users_id,t1_0.task_id,t1_0.projet_id,t1_0.status,t1_0.title from users u1_0 left join task t1_0 on u1_0.users_id=t1_0.users_id left join users_projet p1_0 on u1_0.users_id=p1_0.users_id left join projet p1_1 on p1_1.projet_id=p1_0.projet_id left join task t2_0 on p1_1.projet_id=t2_0.projet_id where u1_0.users_id=?|select u1_0.users_id,u1_0.email,u1_0.name,p1_0.users_id,p1_1.projet_id,p1_1.description,p1_1.name,t2_0.projet_id,t2_0.task_id,t2_0.status,t2_0.title,t2_0.users_id,t1_0.task_id,t1_0.projet_id,t1_0.status,t1_0.title from users u1_0 left join task t1_0 on u1_0.users_id=t1_0.users_id left join users_projet p1_0 on u1_0.users_id=p1_0.users_id left join projet p1_1 on p1_1.projet_id=p1_0.projet_id left join task t2_0 on p1_1.projet_id=t2_0.projet_id where u1_0.users_id=1
2024-11-19 15:46:38|2|statement|connection 3|url jdbc:postgresql://localhost:9999/module_sql|select distinct u1_0.users_id,u1_0.email,u1_0.name,p1_0.users_id,p1_1.projet_id,p1_1.description,p1_1.name,t2_0.projet_id,t2_0.task_id,t2_0.status,t2_0.title,t2_0.users_id,t1_0.task_id,t1_0.projet_id,t1_0.status,t1_0.title from users u1_0 left join task t1_0 on u1_0.users_id=t1_0.users_id left join users_projet p1_0 on u1_0.users_id=p1_0.users_id left join projet p1_1 on p1_1.projet_id=p1_0.projet_id left join task t2_0 on p1_1.projet_id=t2_0.projet_id|select distinct u1_0.users_id,u1_0.email,u1_0.name,p1_0.users_id,p1_1.projet_id,p1_1.description,p1_1.name,t2_0.projet_id,t2_0.task_id,t2_0.status,t2_0.title,t2_0.users_id,t1_0.task_id,t1_0.projet_id,t1_0.status,t1_0.title from users u1_0 left join task t1_0 on u1_0.users_id=t1_0.users_id left join users_projet p1_0 on u1_0.users_id=p1_0.users_id left join projet p1_1 on p1_1.projet_id=p1_0.projet_id left join task t2_0 on p1_1.projet_id=t2_0.projet_id
2024-11-19 15:54:50|53|statement|connection 1|url jdbc:postgresql://localhost:9999/module_sql|select * from information_schema.sequences|select * from information_schema.sequences
2024-11-19 15:54:50|1|statement|connection 1|url jdbc:postgresql://localhost:9999/module_sql|select * from "public"."projet" where 1=0|select * from "public"."projet" where 1=0
2024-11-19 15:54:50|1|statement|connection 1|url jdbc:postgresql://localhost:9999/module_sql|select * from "public"."users" where 1=0|select * from "public"."users" where 1=0
2024-11-19 15:54:50|0|statement|connection 1|url jdbc:postgresql://localhost:9999/module_sql|select * from "public"."projet" where 1=0|select * from "public"."projet" where 1=0
2024-11-19 15:54:50|0|statement|connection 1|url jdbc:postgresql://localhost:9999/module_sql|select * from "public"."users" where 1=0|select * from "public"."users" where 1=0
2024-11-19 15:54:58|1|statement|connection 2|url jdbc:postgresql://localhost:9999/module_sql|select t1_0.task_id,p1_0.projet_id,p1_0.description,p1_0.name,t1_0.status,t1_0.title,u1_0.users_id,u1_0.email,u1_0.name from task t1_0 left join projet p1_0 on p1_0.projet_id=t1_0.projet_id left join users u1_0 on u1_0.users_id=t1_0.users_id|select t1_0.task_id,p1_0.projet_id,p1_0.description,p1_0.name,t1_0.status,t1_0.title,u1_0.users_id,u1_0.email,u1_0.name from task t1_0 left join projet p1_0 on p1_0.projet_id=t1_0.projet_id left join users u1_0 on u1_0.users_id=t1_0.users_id
2024-11-19 16:04:50|6|statement|connection 1|url jdbc:postgresql://localhost:9999/module_sql|select * from information_schema.sequences|select * from information_schema.sequences
2024-11-19 16:04:50|11|statement|connection 1|url jdbc:postgresql://localhost:9999/module_sql|create table projet_task_count (projet_id bigint not null, project_description varchar(255), project_name varchar(255), task_count bigint, primary key (projet_id))|create table projet_task_count (projet_id bigint not null, project_description varchar(255), project_name varchar(255), task_count bigint, primary key (projet_id))
2024-11-19 16:04:50|37|statement|connection 1|url jdbc:postgresql://localhost:9999/module_sql|select * from "public"."projet" where 1=0|select * from "public"."projet" where 1=0
2024-11-19 16:04:50|1|statement|connection 1|url jdbc:postgresql://localhost:9999/module_sql|select * from "public"."users" where 1=0|select * from "public"."users" where 1=0
2024-11-19 16:04:50|0|statement|connection 1|url jdbc:postgresql://localhost:9999/module_sql|select * from "public"."projet" where 1=0|select * from "public"."projet" where 1=0
2024-11-19 16:04:50|0|statement|connection 1|url jdbc:postgresql://localhost:9999/module_sql|select * from "public"."users" where 1=0|select * from "public"."users" where 1=0
2024-11-19 16:09:41|5|statement|connection 1|url jdbc:postgresql://localhost:9999/module_sql|select * from information_schema.sequences|select * from information_schema.sequences
2024-11-19 16:09:41|0|statement|connection 1|url jdbc:postgresql://localhost:9999/module_sql|select * from "public"."projet" where 1=0|select * from "public"."projet" where 1=0
2024-11-19 16:09:41|0|statement|connection 1|url jdbc:postgresql://localhost:9999/module_sql|select * from "public"."users" where 1=0|select * from "public"."users" where 1=0
2024-11-19 16:09:41|0|statement|connection 1|url jdbc:postgresql://localhost:9999/module_sql|select * from "public"."projet" where 1=0|select * from "public"."projet" where 1=0
2024-11-19 16:09:41|0|statement|connection 1|url jdbc:postgresql://localhost:9999/module_sql|select * from "public"."users" where 1=0|select * from "public"."users" where 1=0
2024-11-19 16:15:42|4|statement|connection 2|url jdbc:postgresql://localhost:9999/module_sql|select ptc1_0.projet_id,ptc1_0.project_description,ptc1_0.project_name,ptc1_0.task_count from projet_task_count ptc1_0|select ptc1_0.projet_id,ptc1_0.project_description,ptc1_0.project_name,ptc1_0.task_count from projet_task_count ptc1_0
2024-11-19 16:15:42|0|rollback|connection 2|url jdbc:postgresql://localhost:9999/module_sql||
2024-11-19 16:16:27|5|statement|connection 1|url jdbc:postgresql://localhost:9999/module_sql|select * from information_schema.sequences|select * from information_schema.sequences
2024-11-19 16:16:27|0|statement|connection 1|url jdbc:postgresql://localhost:9999/module_sql|select * from "public"."projet" where 1=0|select * from "public"."projet" where 1=0
2024-11-19 16:16:27|0|statement|connection 1|url jdbc:postgresql://localhost:9999/module_sql|select * from "public"."users" where 1=0|select * from "public"."users" where 1=0
2024-11-19 16:16:27|0|statement|connection 1|url jdbc:postgresql://localhost:9999/module_sql|select * from "public"."projet" where 1=0|select * from "public"."projet" where 1=0
2024-11-19 16:16:27|0|statement|connection 1|url jdbc:postgresql://localhost:9999/module_sql|select * from "public"."users" where 1=0|select * from "public"."users" where 1=0
2024-11-19 16:16:30|1|statement|connection 2|url jdbc:postgresql://localhost:9999/module_sql|select ptc1_0.projet_id,ptc1_0.description,ptc1_0.name,ptc1_0.task_count from projet_task_count ptc1_0|select ptc1_0.projet_id,ptc1_0.description,ptc1_0.name,ptc1_0.task_count from projet_task_count ptc1_0
2024-11-19 16:16:30|0|commit|connection 2|url jdbc:postgresql://localhost:9999/module_sql||
2024-11-19 16:16:52|6|statement|connection 1|url jdbc:postgresql://localhost:9999/module_sql|select * from information_schema.sequences|select * from information_schema.sequences
2024-11-19 16:16:52|0|statement|connection 1|url jdbc:postgresql://localhost:9999/module_sql|select * from "public"."projet" where 1=0|select * from "public"."projet" where 1=0
2024-11-19 16:16:52|0|statement|connection 1|url jdbc:postgresql://localhost:9999/module_sql|select * from "public"."users" where 1=0|select * from "public"."users" where 1=0
2024-11-19 16:16:52|0|statement|connection 1|url jdbc:postgresql://localhost:9999/module_sql|select * from "public"."projet" where 1=0|select * from "public"."projet" where 1=0
2024-11-19 16:16:52|1|statement|connection 1|url jdbc:postgresql://localhost:9999/module_sql|select * from "public"."users" where 1=0|select * from "public"."users" where 1=0
2024-11-19 16:16:55|11|statement|connection 2|url jdbc:postgresql://localhost:9999/module_sql|select ptc1_0.projet_id,ptc1_0.task_count from projet_task_count ptc1_0|select ptc1_0.projet_id,ptc1_0.task_count from projet_task_count ptc1_0
2024-11-19 16:16:55|0|commit|connection 2|url jdbc:postgresql://localhost:9999/module_sql||
2024-11-19 16:36:45|1|statement|connection 3|url jdbc:postgresql://localhost:9999/module_sql|select ptc1_0.projet_id,ptc1_0.task_count from projet_task_count ptc1_0|select ptc1_0.projet_id,ptc1_0.task_count from projet_task_count ptc1_0
2024-11-19 16:36:45|0|commit|connection 3|url jdbc:postgresql://localhost:9999/module_sql||
2024-11-19 16:36:54|16|statement|connection 4|url jdbc:postgresql://localhost:9999/module_sql|select distinct p1_0.projet_id,p1_0.description,p1_0.name,t1_0.projet_id,t1_0.task_id,t1_0.status,t1_0.title,t1_0.users_id,u1_0.projet_id,u1_1.users_id,u1_1.email,u1_1.name from projet p1_0 left join task t1_0 on p1_0.projet_id=t1_0.projet_id left join users_projet u1_0 on p1_0.projet_id=u1_0.projet_id left join users u1_1 on u1_1.users_id=u1_0.users_id|select distinct p1_0.projet_id,p1_0.description,p1_0.name,t1_0.projet_id,t1_0.task_id,t1_0.status,t1_0.title,t1_0.users_id,u1_0.projet_id,u1_1.users_id,u1_1.email,u1_1.name from projet p1_0 left join task t1_0 on p1_0.projet_id=t1_0.projet_id left join users_projet u1_0 on p1_0.projet_id=u1_0.projet_id left join users u1_1 on u1_1.users_id=u1_0.users_id
2024-11-19 16:36:54|0|statement|connection 4|url jdbc:postgresql://localhost:9999/module_sql|select t1_0.task_id,t1_0.projet_id,t1_0.status,t1_0.title,t1_0.users_id from task t1_0 where t1_0.users_id=?|select t1_0.task_id,t1_0.projet_id,t1_0.status,t1_0.title,t1_0.users_id from task t1_0 where t1_0.users_id=1
2024-11-19 16:37:16|1|statement|connection 5|url jdbc:postgresql://localhost:9999/module_sql|select distinct p1_0.projet_id,p1_0.description,p1_0.name,t1_0.projet_id,t1_0.task_id,t1_0.status,t1_0.title,t1_0.users_id,u1_0.projet_id,u1_1.users_id,u1_1.email,u1_1.name from projet p1_0 left join task t1_0 on p1_0.projet_id=t1_0.projet_id left join users_projet u1_0 on p1_0.projet_id=u1_0.projet_id left join users u1_1 on u1_1.users_id=u1_0.users_id|select distinct p1_0.projet_id,p1_0.description,p1_0.name,t1_0.projet_id,t1_0.task_id,t1_0.status,t1_0.title,t1_0.users_id,u1_0.projet_id,u1_1.users_id,u1_1.email,u1_1.name from projet p1_0 left join task t1_0 on p1_0.projet_id=t1_0.projet_id left join users_projet u1_0 on p1_0.projet_id=u1_0.projet_id left join users u1_1 on u1_1.users_id=u1_0.users_id
2024-11-19 16:37:16|0|statement|connection 5|url jdbc:postgresql://localhost:9999/module_sql|select t1_0.task_id,t1_0.projet_id,t1_0.status,t1_0.title,t1_0.users_id from task t1_0 where t1_0.users_id=?|select t1_0.task_id,t1_0.projet_id,t1_0.status,t1_0.title,t1_0.users_id from task t1_0 where t1_0.users_id=1
2024-11-19 16:37:20|1|statement|connection 6|url jdbc:postgresql://localhost:9999/module_sql|select distinct p1_0.projet_id,p1_0.description,p1_0.name,t1_0.projet_id,t1_0.task_id,t1_0.status,t1_0.title,t1_0.users_id,u1_0.projet_id,u1_1.users_id,u1_1.email,u1_1.name from projet p1_0 left join task t1_0 on p1_0.projet_id=t1_0.projet_id left join users_projet u1_0 on p1_0.projet_id=u1_0.projet_id left join users u1_1 on u1_1.users_id=u1_0.users_id|select distinct p1_0.projet_id,p1_0.description,p1_0.name,t1_0.projet_id,t1_0.task_id,t1_0.status,t1_0.title,t1_0.users_id,u1_0.projet_id,u1_1.users_id,u1_1.email,u1_1.name from projet p1_0 left join task t1_0 on p1_0.projet_id=t1_0.projet_id left join users_projet u1_0 on p1_0.projet_id=u1_0.projet_id left join users u1_1 on u1_1.users_id=u1_0.users_id
2024-11-19 16:37:20|0|statement|connection 6|url jdbc:postgresql://localhost:9999/module_sql|select t1_0.task_id,t1_0.projet_id,t1_0.status,t1_0.title,t1_0.users_id from task t1_0 where t1_0.users_id=?|select t1_0.task_id,t1_0.projet_id,t1_0.status,t1_0.title,t1_0.users_id from task t1_0 where t1_0.users_id=1
2024-11-19 16:37:40|1|statement|connection 7|url jdbc:postgresql://localhost:9999/module_sql|select distinct p1_0.projet_id,p1_0.description,p1_0.name,t1_0.projet_id,t1_0.task_id,t1_0.status,t1_0.title,t1_0.users_id,u1_0.projet_id,u1_1.users_id,u1_1.email,u1_1.name from projet p1_0 left join task t1_0 on p1_0.projet_id=t1_0.projet_id left join users_projet u1_0 on p1_0.projet_id=u1_0.projet_id left join users u1_1 on u1_1.users_id=u1_0.users_id|select distinct p1_0.projet_id,p1_0.description,p1_0.name,t1_0.projet_id,t1_0.task_id,t1_0.status,t1_0.title,t1_0.users_id,u1_0.projet_id,u1_1.users_id,u1_1.email,u1_1.name from projet p1_0 left join task t1_0 on p1_0.projet_id=t1_0.projet_id left join users_projet u1_0 on p1_0.projet_id=u1_0.projet_id left join users u1_1 on u1_1.users_id=u1_0.users_id
2024-11-19 16:37:40|0|statement|connection 7|url jdbc:postgresql://localhost:9999/module_sql|select t1_0.task_id,t1_0.projet_id,t1_0.status,t1_0.title,t1_0.users_id from task t1_0 where t1_0.users_id=?|select t1_0.task_id,t1_0.projet_id,t1_0.status,t1_0.title,t1_0.users_id from task t1_0 where t1_0.users_id=1
2024-11-19 16:37:43|1|statement|connection 8|url jdbc:postgresql://localhost:9999/module_sql|select distinct p1_0.projet_id,p1_0.description,p1_0.name,t1_0.projet_id,t1_0.task_id,t1_0.status,t1_0.title,t1_0.users_id,u1_0.projet_id,u1_1.users_id,u1_1.email,u1_1.name from projet p1_0 left join task t1_0 on p1_0.projet_id=t1_0.projet_id left join users_projet u1_0 on p1_0.projet_id=u1_0.projet_id left join users u1_1 on u1_1.users_id=u1_0.users_id|select distinct p1_0.projet_id,p1_0.description,p1_0.name,t1_0.projet_id,t1_0.task_id,t1_0.status,t1_0.title,t1_0.users_id,u1_0.projet_id,u1_1.users_id,u1_1.email,u1_1.name from projet p1_0 left join task t1_0 on p1_0.projet_id=t1_0.projet_id left join users_projet u1_0 on p1_0.projet_id=u1_0.projet_id left join users u1_1 on u1_1.users_id=u1_0.users_id
2024-11-19 16:37:43|0|statement|connection 8|url jdbc:postgresql://localhost:9999/module_sql|select t1_0.task_id,t1_0.projet_id,t1_0.status,t1_0.title,t1_0.users_id from task t1_0 where t1_0.users_id=?|select t1_0.task_id,t1_0.projet_id,t1_0.status,t1_0.title,t1_0.users_id from task t1_0 where t1_0.users_id=1
2024-11-19 16:38:00|8|statement|connection 1|url jdbc:postgresql://localhost:9999/module_sql|select * from information_schema.sequences|select * from information_schema.sequences
2024-11-19 16:38:00|0|statement|connection 1|url jdbc:postgresql://localhost:9999/module_sql|select * from "public"."projet" where 1=0|select * from "public"."projet" where 1=0
2024-11-19 16:38:00|0|statement|connection 1|url jdbc:postgresql://localhost:9999/module_sql|select * from "public"."users" where 1=0|select * from "public"."users" where 1=0
2024-11-19 16:38:00|0|statement|connection 1|url jdbc:postgresql://localhost:9999/module_sql|select * from "public"."projet" where 1=0|select * from "public"."projet" where 1=0
2024-11-19 16:38:00|0|statement|connection 1|url jdbc:postgresql://localhost:9999/module_sql|select * from "public"."users" where 1=0|select * from "public"."users" where 1=0
2024-11-19 16:38:03|12|statement|connection 1|url jdbc:postgresql://localhost:9999/module_sql|select * from information_schema.sequences|select * from information_schema.sequences
2024-11-19 16:38:03|0|statement|connection 1|url jdbc:postgresql://localhost:9999/module_sql|select * from "public"."projet" where 1=0|select * from "public"."projet" where 1=0
2024-11-19 16:38:03|0|statement|connection 1|url jdbc:postgresql://localhost:9999/module_sql|select * from "public"."users" where 1=0|select * from "public"."users" where 1=0
2024-11-19 16:38:03|0|statement|connection 1|url jdbc:postgresql://localhost:9999/module_sql|select * from "public"."projet" where 1=0|select * from "public"."projet" where 1=0
2024-11-19 16:38:03|0|statement|connection 1|url jdbc:postgresql://localhost:9999/module_sql|select * from "public"."users" where 1=0|select * from "public"."users" where 1=0
2024-11-19 16:38:51|7|statement|connection 1|url jdbc:postgresql://localhost:9999/module_sql|select * from information_schema.sequences|select * from information_schema.sequences
2024-11-19 16:38:51|0|statement|connection 1|url jdbc:postgresql://localhost:9999/module_sql|select * from "public"."projet" where 1=0|select * from "public"."projet" where 1=0
2024-11-19 16:38:51|0|statement|connection 1|url jdbc:postgresql://localhost:9999/module_sql|select * from "public"."users" where 1=0|select * from "public"."users" where 1=0
2024-11-19 16:38:51|0|statement|connection 1|url jdbc:postgresql://localhost:9999/module_sql|select * from "public"."projet" where 1=0|select * from "public"."projet" where 1=0
2024-11-19 16:38:51|0|statement|connection 1|url jdbc:postgresql://localhost:9999/module_sql|select * from "public"."users" where 1=0|select * from "public"."users" where 1=0
2024-11-19 16:43:05|7|statement|connection 1|url jdbc:postgresql://localhost:9999/module_sql|select * from information_schema.sequences|select * from information_schema.sequences
2024-11-19 16:43:05|0|statement|connection 1|url jdbc:postgresql://localhost:9999/module_sql|select * from "public"."projet" where 1=0|select * from "public"."projet" where 1=0
2024-11-19 16:43:05|0|statement|connection 1|url jdbc:postgresql://localhost:9999/module_sql|select * from "public"."users" where 1=0|select * from "public"."users" where 1=0
2024-11-19 16:43:05|0|statement|connection 1|url jdbc:postgresql://localhost:9999/module_sql|select * from "public"."projet" where 1=0|select * from "public"."projet" where 1=0
2024-11-19 16:43:05|0|statement|connection 1|url jdbc:postgresql://localhost:9999/module_sql|select * from "public"."users" where 1=0|select * from "public"."users" where 1=0
2024-11-19 16:43:38|5|statement|connection 1|url jdbc:postgresql://localhost:9999/module_sql|select * from information_schema.sequences|select * from information_schema.sequences
2024-11-19 16:43:39|0|statement|connection 1|url jdbc:postgresql://localhost:9999/module_sql|select * from "public"."projet" where 1=0|select * from "public"."projet" where 1=0
2024-11-19 16:43:39|0|statement|connection 1|url jdbc:postgresql://localhost:9999/module_sql|select * from "public"."users" where 1=0|select * from "public"."users" where 1=0
2024-11-19 16:43:39|0|statement|connection 1|url jdbc:postgresql://localhost:9999/module_sql|select * from "public"."projet" where 1=0|select * from "public"."projet" where 1=0
2024-11-19 16:43:39|0|statement|connection 1|url jdbc:postgresql://localhost:9999/module_sql|select * from "public"."users" where 1=0|select * from "public"."users" where 1=0
2024-11-19 16:43:47|5|statement|connection 2|url jdbc:postgresql://localhost:9999/module_sql|select distinct p1_0.projet_id,p1_0.description,p1_0.name,t1_0.projet_id,t1_0.task_id,t1_0.status,t1_0.title,t1_0.users_id,u1_0.projet_id,u1_1.users_id,u1_1.email,u1_1.name from projet p1_0 left join task t1_0 on p1_0.projet_id=t1_0.projet_id left join users_projet u1_0 on p1_0.projet_id=u1_0.projet_id left join users u1_1 on u1_1.users_id=u1_0.users_id|select distinct p1_0.projet_id,p1_0.description,p1_0.name,t1_0.projet_id,t1_0.task_id,t1_0.status,t1_0.title,t1_0.users_id,u1_0.projet_id,u1_1.users_id,u1_1.email,u1_1.name from projet p1_0 left join task t1_0 on p1_0.projet_id=t1_0.projet_id left join users_projet u1_0 on p1_0.projet_id=u1_0.projet_id left join users u1_1 on u1_1.users_id=u1_0.users_id
2024-11-19 16:43:47|0|statement|connection 2|url jdbc:postgresql://localhost:9999/module_sql|select t1_0.task_id,t1_0.projet_id,t1_0.status,t1_0.title,t1_0.users_id from task t1_0 where t1_0.users_id=?|select t1_0.task_id,t1_0.projet_id,t1_0.status,t1_0.title,t1_0.users_id from task t1_0 where t1_0.users_id=1
2024-11-19 16:44:01|1|statement|connection 3|url jdbc:postgresql://localhost:9999/module_sql|select distinct p1_0.projet_id,p1_0.description,p1_0.name,t1_0.projet_id,t1_0.task_id,t1_0.status,t1_0.title,t1_0.users_id,u1_0.projet_id,u1_1.users_id,u1_1.email,u1_1.name from projet p1_0 left join task t1_0 on p1_0.projet_id=t1_0.projet_id left join users_projet u1_0 on p1_0.projet_id=u1_0.projet_id left join users u1_1 on u1_1.users_id=u1_0.users_id|select distinct p1_0.projet_id,p1_0.description,p1_0.name,t1_0.projet_id,t1_0.task_id,t1_0.status,t1_0.title,t1_0.users_id,u1_0.projet_id,u1_1.users_id,u1_1.email,u1_1.name from projet p1_0 left join task t1_0 on p1_0.projet_id=t1_0.projet_id left join users_projet u1_0 on p1_0.projet_id=u1_0.projet_id left join users u1_1 on u1_1.users_id=u1_0.users_id
2024-11-19 16:44:01|0|statement|connection 3|url jdbc:postgresql://localhost:9999/module_sql|select t1_0.task_id,t1_0.projet_id,t1_0.status,t1_0.title,t1_0.users_id from task t1_0 where t1_0.users_id=?|select t1_0.task_id,t1_0.projet_id,t1_0.status,t1_0.title,t1_0.users_id from task t1_0 where t1_0.users_id=1
2024-11-19 16:44:01|1|statement|connection 3|url jdbc:postgresql://localhost:9999/module_sql|select count(distinct p1_0.projet_id) from projet p1_0 left join task t1_0 on p1_0.projet_id=t1_0.projet_id left join users_projet u1_0 on p1_0.projet_id=u1_0.projet_id|select count(distinct p1_0.projet_id) from projet p1_0 left join task t1_0 on p1_0.projet_id=t1_0.projet_id left join users_projet u1_0 on p1_0.projet_id=u1_0.projet_id
2024-11-19 16:44:05|1|statement|connection 4|url jdbc:postgresql://localhost:9999/module_sql|select distinct p1_0.projet_id,p1_0.description,p1_0.name,t1_0.projet_id,t1_0.task_id,t1_0.status,t1_0.title,t1_0.users_id,u1_0.projet_id,u1_1.users_id,u1_1.email,u1_1.name from projet p1_0 left join task t1_0 on p1_0.projet_id=t1_0.projet_id left join users_projet u1_0 on p1_0.projet_id=u1_0.projet_id left join users u1_1 on u1_1.users_id=u1_0.users_id|select distinct p1_0.projet_id,p1_0.description,p1_0.name,t1_0.projet_id,t1_0.task_id,t1_0.status,t1_0.title,t1_0.users_id,u1_0.projet_id,u1_1.users_id,u1_1.email,u1_1.name from projet p1_0 left join task t1_0 on p1_0.projet_id=t1_0.projet_id left join users_projet u1_0 on p1_0.projet_id=u1_0.projet_id left join users u1_1 on u1_1.users_id=u1_0.users_id
2024-11-19 16:44:05|0|statement|connection 4|url jdbc:postgresql://localhost:9999/module_sql|select t1_0.task_id,t1_0.projet_id,t1_0.status,t1_0.title,t1_0.users_id from task t1_0 where t1_0.users_id=?|select t1_0.task_id,t1_0.projet_id,t1_0.status,t1_0.title,t1_0.users_id from task t1_0 where t1_0.users_id=1
2024-11-19 16:44:05|0|statement|connection 4|url jdbc:postgresql://localhost:9999/module_sql|select count(distinct p1_0.projet_id) from projet p1_0 left join task t1_0 on p1_0.projet_id=t1_0.projet_id left join users_projet u1_0 on p1_0.projet_id=u1_0.projet_id|select count(distinct p1_0.projet_id) from projet p1_0 left join task t1_0 on p1_0.projet_id=t1_0.projet_id left join users_projet u1_0 on p1_0.projet_id=u1_0.projet_id
2024-11-19 16:44:08|1|statement|connection 5|url jdbc:postgresql://localhost:9999/module_sql|select distinct p1_0.projet_id,p1_0.description,p1_0.name,t1_0.projet_id,t1_0.task_id,t1_0.status,t1_0.title,t1_0.users_id,u1_0.projet_id,u1_1.users_id,u1_1.email,u1_1.name from projet p1_0 left join task t1_0 on p1_0.projet_id=t1_0.projet_id left join users_projet u1_0 on p1_0.projet_id=u1_0.projet_id left join users u1_1 on u1_1.users_id=u1_0.users_id|select distinct p1_0.projet_id,p1_0.description,p1_0.name,t1_0.projet_id,t1_0.task_id,t1_0.status,t1_0.title,t1_0.users_id,u1_0.projet_id,u1_1.users_id,u1_1.email,u1_1.name from projet p1_0 left join task t1_0 on p1_0.projet_id=t1_0.projet_id left join users_projet u1_0 on p1_0.projet_id=u1_0.projet_id left join users u1_1 on u1_1.users_id=u1_0.users_id
2024-11-19 16:44:08|0|statement|connection 5|url jdbc:postgresql://localhost:9999/module_sql|select t1_0.task_id,t1_0.projet_id,t1_0.status,t1_0.title,t1_0.users_id from task t1_0 where t1_0.users_id=?|select t1_0.task_id,t1_0.projet_id,t1_0.status,t1_0.title,t1_0.users_id from task t1_0 where t1_0.users_id=1
2024-11-19 16:44:08|0|statement|connection 5|url jdbc:postgresql://localhost:9999/module_sql|select count(distinct p1_0.projet_id) from projet p1_0 left join task t1_0 on p1_0.projet_id=t1_0.projet_id left join users_projet u1_0 on p1_0.projet_id=u1_0.projet_id|select count(distinct p1_0.projet_id) from projet p1_0 left join task t1_0 on p1_0.projet_id=t1_0.projet_id left join users_projet u1_0 on p1_0.projet_id=u1_0.projet_id
2024-11-19 16:44:12|0|statement|connection 6|url jdbc:postgresql://localhost:9999/module_sql|select distinct p1_0.projet_id,p1_0.description,p1_0.name,t1_0.projet_id,t1_0.task_id,t1_0.status,t1_0.title,t1_0.users_id,u1_0.projet_id,u1_1.users_id,u1_1.email,u1_1.name from projet p1_0 left join task t1_0 on p1_0.projet_id=t1_0.projet_id left join users_projet u1_0 on p1_0.projet_id=u1_0.projet_id left join users u1_1 on u1_1.users_id=u1_0.users_id|select distinct p1_0.projet_id,p1_0.description,p1_0.name,t1_0.projet_id,t1_0.task_id,t1_0.status,t1_0.title,t1_0.users_id,u1_0.projet_id,u1_1.users_id,u1_1.email,u1_1.name from projet p1_0 left join task t1_0 on p1_0.projet_id=t1_0.projet_id left join users_projet u1_0 on p1_0.projet_id=u1_0.projet_id left join users u1_1 on u1_1.users_id=u1_0.users_id
2024-11-19 16:44:12|0|statement|connection 6|url jdbc:postgresql://localhost:9999/module_sql|select t1_0.task_id,t1_0.projet_id,t1_0.status,t1_0.title,t1_0.users_id from task t1_0 where t1_0.users_id=?|select t1_0.task_id,t1_0.projet_id,t1_0.status,t1_0.title,t1_0.users_id from task t1_0 where t1_0.users_id=1
2024-11-19 16:44:12|0|statement|connection 6|url jdbc:postgresql://localhost:9999/module_sql|select count(distinct p1_0.projet_id) from projet p1_0 left join task t1_0 on p1_0.projet_id=t1_0.projet_id left join users_projet u1_0 on p1_0.projet_id=u1_0.projet_id|select count(distinct p1_0.projet_id) from projet p1_0 left join task t1_0 on p1_0.projet_id=t1_0.projet_id left join users_projet u1_0 on p1_0.projet_id=u1_0.projet_id
2024-11-19 16:44:15|0|statement|connection 7|url jdbc:postgresql://localhost:9999/module_sql|select distinct p1_0.projet_id,p1_0.description,p1_0.name,t1_0.projet_id,t1_0.task_id,t1_0.status,t1_0.title,t1_0.users_id,u1_0.projet_id,u1_1.users_id,u1_1.email,u1_1.name from projet p1_0 left join task t1_0 on p1_0.projet_id=t1_0.projet_id left join users_projet u1_0 on p1_0.projet_id=u1_0.projet_id left join users u1_1 on u1_1.users_id=u1_0.users_id|select distinct p1_0.projet_id,p1_0.description,p1_0.name,t1_0.projet_id,t1_0.task_id,t1_0.status,t1_0.title,t1_0.users_id,u1_0.projet_id,u1_1.users_id,u1_1.email,u1_1.name from projet p1_0 left join task t1_0 on p1_0.projet_id=t1_0.projet_id left join users_projet u1_0 on p1_0.projet_id=u1_0.projet_id left join users u1_1 on u1_1.users_id=u1_0.users_id
2024-11-19 16:44:15|0|statement|connection 7|url jdbc:postgresql://localhost:9999/module_sql|select t1_0.task_id,t1_0.projet_id,t1_0.status,t1_0.title,t1_0.users_id from task t1_0 where t1_0.users_id=?|select t1_0.task_id,t1_0.projet_id,t1_0.status,t1_0.title,t1_0.users_id from task t1_0 where t1_0.users_id=1
2024-11-19 16:44:15|0|statement|connection 7|url jdbc:postgresql://localhost:9999/module_sql|select count(distinct p1_0.projet_id) from projet p1_0 left join task t1_0 on p1_0.projet_id=t1_0.projet_id left join users_projet u1_0 on p1_0.projet_id=u1_0.projet_id|select count(distinct p1_0.projet_id) from projet p1_0 left join task t1_0 on p1_0.projet_id=t1_0.projet_id left join users_projet u1_0 on p1_0.projet_id=u1_0.projet_id
2024-11-19 16:44:19|0|statement|connection 8|url jdbc:postgresql://localhost:9999/module_sql|select distinct p1_0.projet_id,p1_0.description,p1_0.name,t1_0.projet_id,t1_0.task_id,t1_0.status,t1_0.title,t1_0.users_id,u1_0.projet_id,u1_1.users_id,u1_1.email,u1_1.name from projet p1_0 left join task t1_0 on p1_0.projet_id=t1_0.projet_id left join users_projet u1_0 on p1_0.projet_id=u1_0.projet_id left join users u1_1 on u1_1.users_id=u1_0.users_id|select distinct p1_0.projet_id,p1_0.description,p1_0.name,t1_0.projet_id,t1_0.task_id,t1_0.status,t1_0.title,t1_0.users_id,u1_0.projet_id,u1_1.users_id,u1_1.email,u1_1.name from projet p1_0 left join task t1_0 on p1_0.projet_id=t1_0.projet_id left join users_projet u1_0 on p1_0.projet_id=u1_0.projet_id left join users u1_1 on u1_1.users_id=u1_0.users_id
2024-11-19 16:44:19|0|statement|connection 8|url jdbc:postgresql://localhost:9999/module_sql|select t1_0.task_id,t1_0.projet_id,t1_0.status,t1_0.title,t1_0.users_id from task t1_0 where t1_0.users_id=?|select t1_0.task_id,t1_0.projet_id,t1_0.status,t1_0.title,t1_0.users_id from task t1_0 where t1_0.users_id=1
2024-11-19 16:44:35|0|statement|connection 9|url jdbc:postgresql://localhost:9999/module_sql|select distinct p1_0.projet_id,p1_0.description,p1_0.name,t1_0.projet_id,t1_0.task_id,t1_0.status,t1_0.title,t1_0.users_id,u1_0.projet_id,u1_1.users_id,u1_1.email,u1_1.name from projet p1_0 left join task t1_0 on p1_0.projet_id=t1_0.projet_id left join users_projet u1_0 on p1_0.projet_id=u1_0.projet_id left join users u1_1 on u1_1.users_id=u1_0.users_id|select distinct p1_0.projet_id,p1_0.description,p1_0.name,t1_0.projet_id,t1_0.task_id,t1_0.status,t1_0.title,t1_0.users_id,u1_0.projet_id,u1_1.users_id,u1_1.email,u1_1.name from projet p1_0 left join task t1_0 on p1_0.projet_id=t1_0.projet_id left join users_projet u1_0 on p1_0.projet_id=u1_0.projet_id left join users u1_1 on u1_1.users_id=u1_0.users_id
2024-11-19 16:44:35|0|statement|connection 9|url jdbc:postgresql://localhost:9999/module_sql|select t1_0.task_id,t1_0.projet_id,t1_0.status,t1_0.title,t1_0.users_id from task t1_0 where t1_0.users_id=?|select t1_0.task_id,t1_0.projet_id,t1_0.status,t1_0.title,t1_0.users_id from task t1_0 where t1_0.users_id=1
2024-11-19 16:44:35|0|statement|connection 9|url jdbc:postgresql://localhost:9999/module_sql|select count(distinct p1_0.projet_id) from projet p1_0 left join task t1_0 on p1_0.projet_id=t1_0.projet_id left join users_projet u1_0 on p1_0.projet_id=u1_0.projet_id|select count(distinct p1_0.projet_id) from projet p1_0 left join task t1_0 on p1_0.projet_id=t1_0.projet_id left join users_projet u1_0 on p1_0.projet_id=u1_0.projet_id
2024-11-19 16:44:38|0|statement|connection 10|url jdbc:postgresql://localhost:9999/module_sql|select distinct p1_0.projet_id,p1_0.description,p1_0.name,t1_0.projet_id,t1_0.task_id,t1_0.status,t1_0.title,t1_0.users_id,u1_0.projet_id,u1_1.users_id,u1_1.email,u1_1.name from projet p1_0 left join task t1_0 on p1_0.projet_id=t1_0.projet_id left join users_projet u1_0 on p1_0.projet_id=u1_0.projet_id left join users u1_1 on u1_1.users_id=u1_0.users_id|select distinct p1_0.projet_id,p1_0.description,p1_0.name,t1_0.projet_id,t1_0.task_id,t1_0.status,t1_0.title,t1_0.users_id,u1_0.projet_id,u1_1.users_id,u1_1.email,u1_1.name from projet p1_0 left join task t1_0 on p1_0.projet_id=t1_0.projet_id left join users_projet u1_0 on p1_0.projet_id=u1_0.projet_id left join users u1_1 on u1_1.users_id=u1_0.users_id
2024-11-19 16:44:38|0|statement|connection 10|url jdbc:postgresql://localhost:9999/module_sql|select t1_0.task_id,t1_0.projet_id,t1_0.status,t1_0.title,t1_0.users_id from task t1_0 where t1_0.users_id=?|select t1_0.task_id,t1_0.projet_id,t1_0.status,t1_0.title,t1_0.users_id from task t1_0 where t1_0.users_id=1
2024-11-19 16:44:38|0|statement|connection 10|url jdbc:postgresql://localhost:9999/module_sql|select count(distinct p1_0.projet_id) from projet p1_0 left join task t1_0 on p1_0.projet_id=t1_0.projet_id left join users_projet u1_0 on p1_0.projet_id=u1_0.projet_id|select count(distinct p1_0.projet_id) from projet p1_0 left join task t1_0 on p1_0.projet_id=t1_0.projet_id left join users_projet u1_0 on p1_0.projet_id=u1_0.projet_id
2024-11-19 16:46:46|8|statement|connection 1|url jdbc:postgresql://localhost:9999/module_sql|select * from information_schema.sequences|select * from information_schema.sequences
2024-11-19 16:46:46|0|statement|connection 1|url jdbc:postgresql://localhost:9999/module_sql|select * from "public"."projet" where 1=0|select * from "public"."projet" where 1=0
2024-11-19 16:46:46|0|statement|connection 1|url jdbc:postgresql://localhost:9999/module_sql|select * from "public"."users" where 1=0|select * from "public"."users" where 1=0
2024-11-19 16:46:46|0|statement|connection 1|url jdbc:postgresql://localhost:9999/module_sql|select * from "public"."projet" where 1=0|select * from "public"."projet" where 1=0
2024-11-19 16:46:46|0|statement|connection 1|url jdbc:postgresql://localhost:9999/module_sql|select * from "public"."users" where 1=0|select * from "public"."users" where 1=0
2024-11-19 16:46:57|3|statement|connection 2|url jdbc:postgresql://localhost:9999/module_sql|select distinct u1_0.users_id,u1_0.email,u1_0.name,p1_0.users_id,p1_1.projet_id,p1_1.description,p1_1.name,t2_0.projet_id,t2_0.task_id,t2_0.status,t2_0.title,t2_0.users_id,t1_0.task_id,t1_0.projet_id,t1_0.status,t1_0.title from users u1_0 left join task t1_0 on u1_0.users_id=t1_0.users_id left join users_projet p1_0 on u1_0.users_id=p1_0.users_id left join projet p1_1 on p1_1.projet_id=p1_0.projet_id left join task t2_0 on p1_1.projet_id=t2_0.projet_id|select distinct u1_0.users_id,u1_0.email,u1_0.name,p1_0.users_id,p1_1.projet_id,p1_1.description,p1_1.name,t2_0.projet_id,t2_0.task_id,t2_0.status,t2_0.title,t2_0.users_id,t1_0.task_id,t1_0.projet_id,t1_0.status,t1_0.title from users u1_0 left join task t1_0 on u1_0.users_id=t1_0.users_id left join users_projet p1_0 on u1_0.users_id=p1_0.users_id left join projet p1_1 on p1_1.projet_id=p1_0.projet_id left join task t2_0 on p1_1.projet_id=t2_0.projet_id
2024-11-19 16:46:57|2|statement|connection 2|url jdbc:postgresql://localhost:9999/module_sql|select count(distinct u1_0.users_id) from users u1_0 left join users_projet p1_0 on u1_0.users_id=p1_0.users_id left join projet p1_1 on p1_1.projet_id=p1_0.projet_id left join task t2_0 on p1_1.projet_id=t2_0.projet_id|select count(distinct u1_0.users_id) from users u1_0 left join users_projet p1_0 on u1_0.users_id=p1_0.users_id left join projet p1_1 on p1_1.projet_id=p1_0.projet_id left join task t2_0 on p1_1.projet_id=t2_0.projet_id
2024-11-19 16:47:01|1|statement|connection 3|url jdbc:postgresql://localhost:9999/module_sql|select distinct u1_0.users_id,u1_0.email,u1_0.name,p1_0.users_id,p1_1.projet_id,p1_1.description,p1_1.name,t2_0.projet_id,t2_0.task_id,t2_0.status,t2_0.title,t2_0.users_id,t1_0.task_id,t1_0.projet_id,t1_0.status,t1_0.title from users u1_0 left join task t1_0 on u1_0.users_id=t1_0.users_id left join users_projet p1_0 on u1_0.users_id=p1_0.users_id left join projet p1_1 on p1_1.projet_id=p1_0.projet_id left join task t2_0 on p1_1.projet_id=t2_0.projet_id|select distinct u1_0.users_id,u1_0.email,u1_0.name,p1_0.users_id,p1_1.projet_id,p1_1.description,p1_1.name,t2_0.projet_id,t2_0.task_id,t2_0.status,t2_0.title,t2_0.users_id,t1_0.task_id,t1_0.projet_id,t1_0.status,t1_0.title from users u1_0 left join task t1_0 on u1_0.users_id=t1_0.users_id left join users_projet p1_0 on u1_0.users_id=p1_0.users_id left join projet p1_1 on p1_1.projet_id=p1_0.projet_id left join task t2_0 on p1_1.projet_id=t2_0.projet_id
2024-11-19 16:47:01|0|statement|connection 3|url jdbc:postgresql://localhost:9999/module_sql|select count(distinct u1_0.users_id) from users u1_0 left join users_projet p1_0 on u1_0.users_id=p1_0.users_id left join projet p1_1 on p1_1.projet_id=p1_0.projet_id left join task t2_0 on p1_1.projet_id=t2_0.projet_id|select count(distinct u1_0.users_id) from users u1_0 left join users_projet p1_0 on u1_0.users_id=p1_0.users_id left join projet p1_1 on p1_1.projet_id=p1_0.projet_id left join task t2_0 on p1_1.projet_id=t2_0.projet_id
